<?xml version="1.0" encoding="UTF-8"?>
<!-- Generated by org.testng.reporters.JUnitReportReporter -->
<testsuite hostname="Tenzins-MacBook-Pro-2.local" failures="0" tests="3" name="org.example.AppTest" time="0.277" errors="0" timestamp="2023-04-21T10:03:24 IST" skipped="0">
  <testcase classname="org.example.AppTest" name="dropdownMethod" time="0.200"/>
  <system-out/>
  <testcase classname="org.example.AppTest" name="checkBoxMethod" time="0.039"/>
  <system-out/>
  <testcase classname="org.example.AppTest" name="RadioButtonMethod" time="0.038"/>
  <system-out/>
</testsuite> <!-- org.example.AppTest -->
